This file contains any messages produced by compilers while
running configure, to aid debugging if configure makes a mistake.

It was created by configure, which was
generated by GNU Autoconf 2.60.  Invocation command line was

  $ /media/ubuntu-gnome/OWAC/spievatko/espievatko/prtbl/srv/new/httpd-2.0.63/srclib/apr/configure --prefix=/home/ubuntu-gnome/apache --exec-prefix=/home/ubuntu-gnome/apache --enable-mods-shared=all --enable-so --cache-file=/dev/null --srcdir=/media/ubuntu-gnome/OWAC/spievatko/espievatko/prtbl/srv/new/httpd-2.0.63/srclib/apr --prefix=/home/ubuntu-gnome/apache --exec-prefix=/home/ubuntu-gnome/apache --libdir=/home/ubuntu-gnome/apache/lib --includedir=/home/ubuntu-gnome/apache/include --bindir=/home/ubuntu-gnome/apache/bin --datadir=/home/ubuntu-gnome/apache --with-installbuilddir=${prefix}/build

## --------- ##
## Platform. ##
## --------- ##

hostname = ubuntu-gnome
uname -m = i686
uname -r = 3.11.0-12-generic
uname -s = Linux
uname -v = #19-Ubuntu SMP Wed Oct 9 16:12:00 UTC 2013

/usr/bin/uname -p = unknown
/bin/uname -X     = unknown

/bin/arch              = unknown
/usr/bin/arch -k       = unknown
/usr/convex/getsysinfo = unknown
/usr/bin/hostinfo      = unknown
/bin/machine           = unknown
/usr/bin/oslevel       = unknown
/bin/universe          = unknown

PATH: /usr/local/sbin
PATH: /usr/local/bin
PATH: /usr/sbin
PATH: /usr/bin
PATH: /sbin
PATH: /bin
PATH: /usr/games
PATH: /usr/local/games


## ----------- ##
## Core tests. ##
## ----------- ##

configure:2776: checking build system type
configure:2794: result: i686-pc-linux-gnu
configure:2816: checking host system type
configure:2831: result: i686-pc-linux-gnu
configure:2853: checking target system type
configure:2868: result: i686-pc-linux-gnu
configure:2932: checking for working mkdir -p
configure:2948: result: yes
configure:3033: checking for chosen layout
configure:3035: result: apr
configure:3302: checking for gcc
configure:3318: found /usr/bin/gcc
configure:3329: result: gcc
configure:3567: checking for C compiler version
configure:3574: gcc --version >&5
gcc (Ubuntu/Linaro 4.8.1-10ubuntu8) 4.8.1
Copyright (C) 2013 Free Software Foundation, Inc.
This is free software; see the source for copying conditions.  There is NO
warranty; not even for MERCHANTABILITY or FITNESS FOR A PARTICULAR PURPOSE.

configure:3577: $? = 0
configure:3584: gcc -v >&5
Using built-in specs.
COLLECT_GCC=gcc
COLLECT_LTO_WRAPPER=/usr/lib/gcc/i686-linux-gnu/4.8/lto-wrapper
Target: i686-linux-gnu
Configured with: ../src/configure -v --with-pkgversion='Ubuntu/Linaro 4.8.1-10ubuntu8' --with-bugurl=file:///usr/share/doc/gcc-4.8/README.Bugs --enable-languages=c,c++,java,go,d,fortran,objc,obj-c++ --prefix=/usr --program-suffix=-4.8 --enable-shared --enable-linker-build-id --libexecdir=/usr/lib --without-included-gettext --enable-threads=posix --with-gxx-include-dir=/usr/include/c++/4.8 --libdir=/usr/lib --enable-nls --with-sysroot=/ --enable-clocale=gnu --enable-libstdcxx-debug --enable-libstdcxx-time=yes --enable-gnu-unique-object --enable-plugin --with-system-zlib --disable-browser-plugin --enable-java-awt=gtk --enable-gtk-cairo --with-java-home=/usr/lib/jvm/java-1.5.0-gcj-4.8-i386/jre --enable-java-home --with-jvm-root-dir=/usr/lib/jvm/java-1.5.0-gcj-4.8-i386 --with-jvm-jar-dir=/usr/lib/jvm-exports/java-1.5.0-gcj-4.8-i386 --with-arch-directory=i386 --with-ecj-jar=/usr/share/java/eclipse-ecj.jar --enable-objc-gc --enable-targets=all --enable-multiarch --disable-werror --with-arch-32=i686 --with-multilib-list=m32,m64,mx32 --with-tune=generic --enable-checking=release --build=i686-linux-gnu --host=i686-linux-gnu --target=i686-linux-gnu
Thread model: posix
gcc version 4.8.1 (Ubuntu/Linaro 4.8.1-10ubuntu8) 
configure:3587: $? = 0
configure:3594: gcc -V >&5
gcc: error: unrecognized command line option '-V'
gcc: fatal error: no input files
compilation terminated.
configure:3597: $? = 4
configure:3620: checking for C compiler default output file name
configure:3647: gcc    conftest.c  >&5
configure:3650: $? = 0
configure:3696: result: a.out
configure:3701: checking whether the C compiler works
configure:3711: ./a.out
/media/ubuntu-gnome/OWAC/spievatko/espievatko/prtbl/srv/new/httpd-2.0.63/srclib/apr/configure: line 3712: ./a.out: Permission denied
configure:3714: $? = 126
configure:3723: error: cannot run C compiled programs.
If you meant to cross compile, use `--host'.
See `config.log' for more details.

## ---------------- ##
## Cache variables. ##
## ---------------- ##

ac_cv_build=i686-pc-linux-gnu
ac_cv_env_CCC_set=
ac_cv_env_CCC_value=
ac_cv_env_CC_set=
ac_cv_env_CC_value=
ac_cv_env_CFLAGS_set=
ac_cv_env_CFLAGS_value=
ac_cv_env_CPPFLAGS_set=
ac_cv_env_CPPFLAGS_value=
ac_cv_env_CPP_set=
ac_cv_env_CPP_value=
ac_cv_env_CXXCPP_set=
ac_cv_env_CXXCPP_value=
ac_cv_env_CXXFLAGS_set=
ac_cv_env_CXXFLAGS_value=
ac_cv_env_CXX_set=
ac_cv_env_CXX_value=
ac_cv_env_F77_set=
ac_cv_env_F77_value=
ac_cv_env_FFLAGS_set=
ac_cv_env_FFLAGS_value=
ac_cv_env_LDFLAGS_set=
ac_cv_env_LDFLAGS_value=
ac_cv_env_build_alias_set=
ac_cv_env_build_alias_value=
ac_cv_env_host_alias_set=
ac_cv_env_host_alias_value=
ac_cv_env_target_alias_set=
ac_cv_env_target_alias_value=
ac_cv_host=i686-pc-linux-gnu
ac_cv_mkdir_p=yes
ac_cv_prog_ac_ct_CC=gcc
ac_cv_target=i686-pc-linux-gnu

## ----------------- ##
## Output variables. ##
## ----------------- ##

APR_CONFIG_LOCATION='source'
APR_DOTTED_VERSION=''
APR_LIBNAME=''
APR_MAJOR_VERSION=''
AR=''
AS=''
ASCPP=''
AWK=''
CC='gcc'
CFLAGS=''
CPP=''
CPPFLAGS=''
CXX=''
CXXCPP=''
CXXFLAGS=''
DEFAULT_OSDIR=''
DEFS=''
ECHO='echo'
ECHO_C=''
ECHO_N='-n'
ECHO_T=''
EGREP=''
EXEEXT=''
EXTRA_CFLAGS=''
EXTRA_CPPFLAGS=''
EXTRA_INCLUDES=''
EXTRA_LDFLAGS=''
EXTRA_LIBS=''
F77=''
FFLAGS=''
GREP=''
INCLUDE_RULES=''
INSTALL_DATA=''
INSTALL_PROGRAM=''
INSTALL_SCRIPT=''
INSTALL_SUBDIRS=''
LDFLAGS=''
LDLIBS=''
LIBOBJS=''
LIBS=''
LIBTOOL=''
LIBTOOL_LIBS=''
LN_S=''
LTFLAGS=''
LTLIBOBJS=''
LT_LDFLAGS=''
MKDEP=''
NOTEST_CFLAGS=''
NOTEST_CPPFLAGS=''
NOTEST_INCLUDES=''
NOTEST_LDFLAGS=''
NOTEST_LIBS=''
OBJEXT=''
OSDIR=''
PACKAGE_BUGREPORT=''
PACKAGE_NAME=''
PACKAGE_STRING=''
PACKAGE_TARNAME=''
PACKAGE_VERSION=''
PATH_SEPARATOR=':'
RANLIB=''
RM=''
SET_MAKE=''
SHELL='/bin/bash'
STRIP=''
SUBDIRS=''
ac_ct_CC='gcc'
ac_ct_CXX=''
ac_ct_F77=''
acceptfilter=''
apr_builddir='/media/ubuntu-gnome/OWAC/spievatko/espievatko/prtbl/srv/new/httpd-2.0.63/srclib/apr'
apr_builders='/media/ubuntu-gnome/OWAC/spievatko/espievatko/prtbl/srv/new/httpd-2.0.63/srclib/apr/build'
apr_charset_ebcdic=''
apr_force_atomic_generic=''
apr_inaddr_none=''
apr_srcdir='/media/ubuntu-gnome/OWAC/spievatko/espievatko/prtbl/srv/new/httpd-2.0.63/srclib/apr'
apr_tcp_nopush_flag=''
aprdso=''
arpa_ineth=''
bindir='/home/ubuntu-gnome/apache/bin'
build='i686-pc-linux-gnu'
build_alias=''
build_cpu='i686'
build_os='linux-gnu'
build_vendor='pc'
conioh=''
crypth=''
ctypeh=''
datadir='/home/ubuntu-gnome/apache'
datarootdir='${prefix}/share'
direnth=''
docdir='${datarootdir}/doc/${PACKAGE}'
dvidir='${docdir}'
eolstr=''
errnoh=''
exec_prefix='/home/ubuntu-gnome/apache'
export_lib_target=''
fcntlh=''
fcntlser=''
file_as_socket=''
flockser=''
fork=''
hasfcntlser=''
hasflockser=''
hasposixser=''
hasprocpthreadser=''
hasrwlockser=''
hassysvser=''
have_corkable_tcp=''
have_getrlimit=''
have_in_addr=''
have_inet_addr=''
have_inet_network=''
have_int64_strfn=''
have_ipv6=''
have_memchr=''
have_memmove=''
have_sctp=''
have_setrlimit=''
have_sigaction=''
have_sigsuspend=''
have_sigwait=''
have_strcasecmp=''
have_strdup=''
have_stricmp=''
have_strncasecmp=''
have_strnicmp=''
have_strstr=''
have_union_semun=''
havebeosarea=''
havemmapanon=''
havemmapshm=''
havemmaptmp=''
havemmapzero=''
haveos2shm=''
haveshmget=''
haveshmgetanon=''
host='i686-pc-linux-gnu'
host_alias=''
host_cpu='i686'
host_os='linux-gnu'
host_vendor='pc'
htmldir='${docdir}'
includedir='/home/ubuntu-gnome/apache/include'
infodir='${datarootdir}/info'
ino_t_value=''
installbuilddir='${datadir}/build'
int64_literal=''
int64_strfn=''
int64_t_fmt=''
int64_t_fmt_len=''
int64_value=''
int_value=''
ioh=''
lib_target=''
libdir='/home/ubuntu-gnome/apache/lib'
libexecdir='${exec_prefix}/modules'
limitsh=''
link=''
localedir='${datarootdir}/locale'
localstatedir='${prefix}'
long_value=''
lt_compile=''
mandir='${prefix}/man'
mmap=''
netdbh=''
netinet_inh=''
netinet_sctp_uioh=''
netinet_sctph=''
netinet_tcph=''
o_nonblock_inherited=''
oc=''
off_t_fmt=''
off_t_value=''
oldincludedir='/usr/include'
pdfdir='${docdir}'
pid_t_fmt=''
posixser=''
prefix='/home/ubuntu-gnome/apache'
proc_mutex_is_global=''
proclockglobal=''
procpthreadser=''
program_transform_name='s,x,x,'
psdir='${docdir}'
pthreadh=''
pthreadser=''
rand=''
sbindir='${exec_prefix}/bin'
semaphoreh=''
sendfile=''
sharedmem=''
sharedstatedir='${prefix}/com'
shlibpath_var=''
short_value=''
signalh=''
size_t_fmt=''
size_t_value=''
so_ext=''
socklen_t_value=''
ssize_t_fmt=''
ssize_t_value=''
stdargh=''
stdint=''
stdioh=''
stdlibh=''
stringh=''
stringsh=''
struct_rlimit=''
sys_ioctlh=''
sys_sendfileh=''
sys_signalh=''
sys_socketh=''
sys_sockioh=''
sys_syslimitsh=''
sys_timeh=''
sys_typesh=''
sys_uioh=''
sys_unh=''
sys_waith=''
sysconfdir='${prefix}/conf'
sysvser=''
target='i686-pc-linux-gnu'
target_alias=''
target_cpu='i686'
target_os='linux-gnu'
target_vendor='pc'
tcp_nodelay_inherited=''
threads=''
timeh=''
top_builddir='/media/ubuntu-gnome/OWAC/spievatko/espievatko/prtbl/srv/new/httpd-2.0.63/srclib/apr'
uint64_t_fmt=''
uint64_t_fmt_len=''
uint64_t_hex_fmt=''
unistdh=''
usebeosarea=''
usemmapanon=''
usemmapshm=''
usemmaptmp=''
usemmapzero=''
useos2shm=''
useshmget=''
useshmgetanon=''
voidp_size=''

## ----------- ##
## confdefs.h. ##
## ----------- ##

#define PACKAGE_NAME ""
#define PACKAGE_TARNAME ""
#define PACKAGE_VERSION ""
#define PACKAGE_STRING ""
#define PACKAGE_BUGREPORT ""

configure: exit 1
